<?xml version="1.0" encoding="UTF-8"?>
<testng-results ignored="0" total="1" passed="1" failed="0" skipped="0">
  <reporter-output>
    <line>
      <![CDATA[Dummy Test is executed]]>
    </line>
  </reporter-output>
  <suite started-at="2025-05-07T12:53:34 IST" name="RegressionSuite" finished-at="2025-05-07T12:53:34 IST" duration-ms="73">
    <groups>
    </groups>
    <test started-at="2025-05-07T12:53:34 IST" name="Test" finished-at="2025-05-07T12:53:34 IST" duration-ms="73">
      <class name="dummy_package.DummyTest">
        <test-method signature="addDummy()[pri:0, instance:dummy_package.DummyTest@2e385cce]" started-at="2025-05-07T12:53:34 IST" name="addDummy" finished-at="2025-05-07T12:53:34 IST" duration-ms="14" status="PASS">
          <reporter-output>
            <line>
              <![CDATA[Dummy Test is executed]]>
            </line>
          </reporter-output>
        </test-method> <!-- addDummy -->
      </class> <!-- dummy_package.DummyTest -->
    </test> <!-- Test -->
  </suite> <!-- RegressionSuite -->
</testng-results>
